0 info it worked if it ends with ok
1 verbose cli [ '/usr/local/bin/node', '/usr/local/bin/npm', 'run', 'db-start' ]
2 info using npm@3.10.10
3 info using node@v6.10.3
4 verbose run-script [ 'predb-start', 'db-start', 'postdb-start' ]
5 info lifecycle github-fetcher-fullstack-v2@1.0.0~predb-start: github-fetcher-fullstack-v2@1.0.0
6 silly lifecycle github-fetcher-fullstack-v2@1.0.0~predb-start: no script for predb-start, continuing
7 info lifecycle github-fetcher-fullstack-v2@1.0.0~db-start: github-fetcher-fullstack-v2@1.0.0
8 verbose lifecycle github-fetcher-fullstack-v2@1.0.0~db-start: unsafe-perm in lifecycle true
9 verbose lifecycle github-fetcher-fullstack-v2@1.0.0~db-start: PATH: /usr/local/lib/node_modules/npm/bin/node-gyp-bin:/Users/Tony/Projects/hrla16-fullstack-review/node_modules/.bin:/Library/Frameworks/Python.framework/Versions/3.5/bin:/usr/local/bin:/usr/bin:/bin:/usr/sbin:/sbin
10 verbose lifecycle github-fetcher-fullstack-v2@1.0.0~db-start: CWD: /Users/Tony/Projects/hrla16-fullstack-review
11 silly lifecycle github-fetcher-fullstack-v2@1.0.0~db-start: Args: [ '-c', 'mongod --dbpath ./database/data/db' ]
12 silly lifecycle github-fetcher-fullstack-v2@1.0.0~db-start: Returned: code: 100  signal: null
13 info lifecycle github-fetcher-fullstack-v2@1.0.0~db-start: Failed to exec db-start script
14 verbose stack Error: github-fetcher-fullstack-v2@1.0.0 db-start: `mongod --dbpath ./database/data/db`
14 verbose stack Exit status 100
14 verbose stack     at EventEmitter.<anonymous> (/usr/local/lib/node_modules/npm/lib/utils/lifecycle.js:255:16)
14 verbose stack     at emitTwo (events.js:106:13)
14 verbose stack     at EventEmitter.emit (events.js:191:7)
14 verbose stack     at ChildProcess.<anonymous> (/usr/local/lib/node_modules/npm/lib/utils/spawn.js:40:14)
14 verbose stack     at emitTwo (events.js:106:13)
14 verbose stack     at ChildProcess.emit (events.js:191:7)
14 verbose stack     at maybeClose (internal/child_process.js:886:16)
14 verbose stack     at Process.ChildProcess._handle.onexit (internal/child_process.js:226:5)
15 verbose pkgid github-fetcher-fullstack-v2@1.0.0
16 verbose cwd /Users/Tony/Projects/hrla16-fullstack-review
17 error Darwin 16.6.0
18 error argv "/usr/local/bin/node" "/usr/local/bin/npm" "run" "db-start"
19 error node v6.10.3
20 error npm  v3.10.10
21 error code ELIFECYCLE
22 error github-fetcher-fullstack-v2@1.0.0 db-start: `mongod --dbpath ./database/data/db`
22 error Exit status 100
23 error Failed at the github-fetcher-fullstack-v2@1.0.0 db-start script 'mongod --dbpath ./database/data/db'.
23 error Make sure you have the latest version of node.js and npm installed.
23 error If you do, this is most likely a problem with the github-fetcher-fullstack-v2 package,
23 error not with npm itself.
23 error Tell the author that this fails on your system:
23 error     mongod --dbpath ./database/data/db
23 error You can get information on how to open an issue for this project with:
23 error     npm bugs github-fetcher-fullstack-v2
23 error Or if that isn't available, you can get their info via:
23 error     npm owner ls github-fetcher-fullstack-v2
23 error There is likely additional logging output above.
24 verbose exit [ 1, true ]
